add device 1: /dev/input/event5

  name:     "gpio-keys"

add device 2: /dev/input/event3

  name:     "apq8064-tabla-snd-card Headset Jack"

add device 3: /dev/input/event2

  name:     "apq8064-tabla-snd-card Button Jack"

add device 4: /dev/input/event4

  name:     "h2w button"

add device 5: /dev/input/event1

  name:     "lid_input"

add device 6: /dev/input/event0

  name:     "elan-touchscreen"

could not get driver version for /dev/input/mice, Not a typewriter

[  120614.344600] /dev/input/event0: 0003 0039 000006f4

[  120614.344600] /dev/input/event0: 0003 0030 0000000d

[  120614.344600] /dev/input/event0: 0003 003a 00000028

[  120614.344630] /dev/input/event0: 0003 0035 00000287

[  120614.344630] /dev/input/event0: 0003 0036 000001bd

[  120614.344630] /dev/input/event0: 0000 0000 00000000

[  120614.405879] /dev/input/event0: 0003 003a 00000053

[  120614.405910] /dev/input/event0: 0003 0036 000001c8

[  120614.405910] /dev/input/event0: 0000 0000 00000000

[  120614.412257] /dev/input/event0: 0003 003a 00000051

[  120614.412257] /dev/input/event0: 0003 0036 000001cd

[  120614.412288] /dev/input/event0: 0000 0000 00000000

[  120614.428370] /dev/input/event0: 0003 003a 0000004f

[  120614.428401] /dev/input/event0: 0003 0036 000001d5

[  120614.428401] /dev/input/event0: 0000 0000 00000000

[  120614.433986] /dev/input/event0: 0003 003a 0000004d

[  120614.433986] /dev/input/event0: 0003 0035 00000288

[  120614.433986] /dev/input/event0: 0003 0036 000001e3

[  120614.434016] /dev/input/event0: 0000 0000 00000000

[  120614.444667] /dev/input/event0: 0003 003a 00000048

[  120614.444697] /dev/input/event0: 0003 0036 000001fa

[  120614.444697] /dev/input/event0: 0000 0000 00000000

[  120614.447078] /dev/input/event0: 0003 003a 00000042

[  120614.447108] /dev/input/event0: 0003 0035 00000287

[  120614.447108] /dev/input/event0: 0003 0036 0000021e

[  120614.447108] /dev/input/event0: 0000 0000 00000000

[  120614.452846] /dev/input/event0: 0003 003a 0000003b

[  120614.452846] /dev/input/event0: 0003 0035 00000285

[  120614.452846] /dev/input/event0: 0003 0036 00000243

[  120614.452876] /dev/input/event0: 0000 0000 00000000

[  120614.459102] /dev/input/event0: 0003 003a 00000034

[  120614.459102] /dev/input/event0: 0003 0035 00000282

[  120614.459102] /dev/input/event0: 0003 0036 00000266

[  120614.459132] /dev/input/event0: 0000 0000 00000000

[  120614.465724] /dev/input/event0: 0003 0030 0000000c

[  120614.465724] /dev/input/event0: 0003 003a 0000002d

[  120614.465754] /dev/input/event0: 0003 0035 0000027f

[  120614.465754] /dev/input/event0: 0003 0036 0000028b

[  120614.465754] /dev/input/event0: 0000 0000 00000000

[  120614.471644] /dev/input/event0: 0003 003a 00000029

[  120614.471675] /dev/input/event0: 0003 0035 0000027b

[  120614.471675] /dev/input/event0: 0003 0036 000002ad

[  120614.471705] /dev/input/event0: 0000 0000 00000000

[  120614.478328] /dev/input/event0: 0003 0030 0000000b

[  120614.478328] /dev/input/event0: 0003 003a 00000025

[  120614.478358] /dev/input/event0: 0003 0035 00000274

[  120614.478358] /dev/input/event0: 0003 0036 000002d2

[  120614.478358] /dev/input/event0: 0000 0000 00000000

[  120614.483668] /dev/input/event0: 0003 0030 0000000a

[  120614.483699] /dev/input/event0: 0003 003a 0000001f

[  120614.483699] /dev/input/event0: 0003 0035 0000026a

[  120614.483699] /dev/input/event0: 0003 0036 000002f7

[  120614.483699] /dev/input/event0: 0000 0000 00000000

[  120614.489467] /dev/input/event0: 0003 0030 00000009

[  120614.489467] /dev/input/event0: 0003 003a 00000018

[  120614.489467] /dev/input/event0: 0003 0035 00000260

[  120614.489497] /dev/input/event0: 0003 0036 0000031a

[  120614.489497] /dev/input/event0: 0000 0000 00000000

[  120614.495479] /dev/input/event0: 0003 0030 00000008

[  120614.495509] /dev/input/event0: 0003 003a 00000012

[  120614.495509] /dev/input/event0: 0003 0035 00000258

[  120614.495509] /dev/input/event0: 0003 0036 00000336

[  120614.495509] /dev/input/event0: 0000 0000 00000000

[  120614.505061] /dev/input/event0: 0003 0039 ffffffff

[  120614.505092] /dev/input/event0: 0000 0000 00000000

[  120615.373134] /dev/input/event0: 0003 0039 000006f5

[  120615.373164] /dev/input/event0: 0003 0030 0000000d

[  120615.373164] /dev/input/event0: 0003 003a 00000028

[  120615.373164] /dev/input/event0: 0003 0035 000002b4

[  120615.373164] /dev/input/event0: 0003 0036 00000212

[  120615.373195] /dev/input/event0: 0000 0000 00000000

[  120615.419002] /dev/input/event0: 0003 003a 00000056

[  120615.419032] /dev/input/event0: 0003 0035 000002ae

[  120615.419063] /dev/input/event0: 0003 0036 0000021c

[  120615.419063] /dev/input/event0: 0000 0000 00000000

[  120615.426295] /dev/input/event0: 0003 0035 000002ad

[  120615.426295] /dev/input/event0: 0003 0036 0000021f

[  120615.426326] /dev/input/event0: 0000 0000 00000000

[  120615.431727] /dev/input/event0: 0003 003a 00000057

[  120615.431727] /dev/input/event0: 0003 0035 000002ac

[  120615.431758] /dev/input/event0: 0003 0036 00000223

[  120615.431758] /dev/input/event0: 0000 0000 00000000

[  120615.438014] /dev/input/event0: 0003 003a 00000056

[  120615.438045] /dev/input/event0: 0003 0035 000002ab

[  120615.438045] /dev/input/event0: 0003 0036 00000229

[  120615.438045] /dev/input/event0: 0000 0000 00000000

[  120615.444392] /dev/input/event0: 0003 003a 00000052

[  120615.444392] /dev/input/event0: 0003 0035 000002aa

[  120615.444392] /dev/input/event0: 0003 0036 00000234

[  120615.444392] /dev/input/event0: 0000 0000 00000000

[  120615.450526] /dev/input/event0: 0003 003a 0000004e

[  120615.450557] /dev/input/event0: 0003 0035 000002a8

[  120615.450557] /dev/input/event0: 0003 0036 00000245

[  120615.450557] /dev/input/event0: 0000 0000 00000000

[  120615.456813] /dev/input/event0: 0003 003a 00000048

[  120615.456813] /dev/input/event0: 0003 0035 000002a4

[  120615.456813] /dev/input/event0: 0003 0036 00000263

[  120615.456813] /dev/input/event0: 0000 0000 00000000

[  120615.463374] /dev/input/event0: 0003 003a 00000041

[  120615.463405] /dev/input/event0: 0003 0035 0000029f

[  120615.463405] /dev/input/event0: 0003 0036 00000282

[  120615.463405] /dev/input/event0: 0000 0000 00000000

[  120615.469386] /dev/input/event0: 0003 003a 00000038

[  120615.469386] /dev/input/event0: 0003 0035 00000299

[  120615.469386] /dev/input/event0: 0003 0036 000002a3

[  120615.469417] /dev/input/event0: 0000 0000 00000000

[  120615.477199] /dev/input/event0: 0003 003a 0000002f

[  120615.477229] /dev/input/event0: 0003 0035 00000293

[  120615.477229] /dev/input/event0: 0003 0036 000002c6

[  120615.477229] /dev/input/event0: 0000 0000 00000000

[  120615.481898] /dev/input/event0: 0003 0030 0000000c

[  120615.481898] /dev/input/event0: 0003 003a 00000028

[  120615.481929] /dev/input/event0: 0003 0035 0000028d

[  120615.481929] /dev/input/event0: 0003 0036 000002e7

[  120615.481929] /dev/input/event0: 0000 0000 00000000

[  120615.487636] /dev/input/event0: 0003 0030 0000000b

[  120615.487666] /dev/input/event0: 0003 003a 0000001f

[  120615.487666] /dev/input/event0: 0003 0035 00000288

[  120615.487666] /dev/input/event0: 0003 0036 0000030c

[  120615.487697] /dev/input/event0: 0000 0000 00000000

[  120615.493678] /dev/input/event0: 0003 0030 00000009

[  120615.493678] /dev/input/event0: 0003 003a 00000017

[  120615.493678] /dev/input/event0: 0003 0035 00000284

[  120615.493709] /dev/input/event0: 0003 0036 00000324

[  120615.493709] /dev/input/event0: 0000 0000 00000000

[  120615.504542] /dev/input/event0: 0003 0039 ffffffff

[  120615.504542] /dev/input/event0: 0000 0000 00000000

[  120616.540278] /dev/input/event0: 0003 0039 000006f6

[  120616.540309] /dev/input/event0: 0003 003a 00000021

[  120616.540309] /dev/input/event0: 0003 0035 000002c2

[  120616.540309] /dev/input/event0: 0003 0036 00000361

[  120616.540309] /dev/input/event0: 0000 0000 00000000

[  120616.570460] /dev/input/event0: 0003 003a 00000031

[  120616.570491] /dev/input/event0: 0003 0035 000002be

[  120616.570491] /dev/input/event0: 0003 0036 0000036c

[  120616.570491] /dev/input/event0: 0000 0000 00000000

[  120616.585811] /dev/input/event0: 0003 003a 00000032

[  120616.585841] /dev/input/event0: 0003 0035 000002bd

[  120616.585841] /dev/input/event0: 0003 0036 00000370

[  120616.585841] /dev/input/event0: 0000 0000 00000000

[  120616.592128] /dev/input/event0: 0003 0035 000002bc

[  120616.592158] /dev/input/event0: 0003 0036 00000376

[  120616.592158] /dev/input/event0: 0000 0000 00000000

[  120616.598842] /dev/input/event0: 0003 003a 00000030

[  120616.598872] /dev/input/event0: 0003 0035 000002ba

[  120616.598872] /dev/input/event0: 0003 0036 00000384

[  120616.598872] /dev/input/event0: 0000 0000 00000000

[  120616.604609] /dev/input/event0: 0003 003a 0000002f

[  120616.604640] /dev/input/event0: 0003 0035 000002b5

[  120616.604640] /dev/input/event0: 0003 0036 000003a2

[  120616.604640] /dev/input/event0: 0000 0000 00000000

[  120616.611598] /dev/input/event0: 0003 003a 0000002d

[  120616.611598] /dev/input/event0: 0003 0035 000002b1

[  120616.611629] /dev/input/event0: 0003 0036 000003bf

[  120616.611629] /dev/input/event0: 0000 0000 00000000

[  120616.617335] /dev/input/event0: 0003 003a 00000029

[  120616.617366] /dev/input/event0: 0003 0035 000002ab

[  120616.617366] /dev/input/event0: 0003 0036 000003de

[  120616.617366] /dev/input/event0: 0000 0000 00000000

[  120616.623378] /dev/input/event0: 0003 003a 00000024

[  120616.623408] /dev/input/event0: 0003 0035 000002a4

[  120616.623408] /dev/input/event0: 0003 0036 000003f9

[  120616.623622] /dev/input/event0: 0000 0000 00000000

[  120616.629237] /dev/input/event0: 0003 0030 00000008

[  120616.629268] /dev/input/event0: 0003 003a 0000001f

[  120616.629268] /dev/input/event0: 0003 0035 0000029b

[  120616.629268] /dev/input/event0: 0003 0036 00000414

[  120616.629268] /dev/input/event0: 0000 0000 00000000

[  120616.635371] /dev/input/event0: 0003 003a 0000001b

[  120616.635371] /dev/input/event0: 0003 0035 00000293

[  120616.635402] /dev/input/event0: 0003 0036 0000042d

[  120616.635402] /dev/input/event0: 0000 0000 00000000

[  120616.641108] /dev/input/event0: 0003 0030 00000007

[  120616.641139] /dev/input/event0: 0003 003a 00000017

[  120616.641139] /dev/input/event0: 0003 0035 0000028c

[  120616.641139] /dev/input/event0: 0003 0036 00000446

[  120616.641139] /dev/input/event0: 0000 0000 00000000

[  120616.646876] /dev/input/event0: 0003 0030 00000006

[  120616.646907] /dev/input/event0: 0003 003a 00000012

[  120616.646907] /dev/input/event0: 0003 0035 00000286

[  120616.646907] /dev/input/event0: 0003 0036 0000045e

[  120616.646907] /dev/input/event0: 0000 0000 00000000

[  120616.653285] /dev/input/event0: 0003 0030 00000005

[  120616.653316] /dev/input/event0: 0003 003a 0000000e

[  120616.653316] /dev/input/event0: 0003 0035 00000281

[  120616.653346] /dev/input/event0: 0003 0036 0000046f

[  120616.653346] /dev/input/event0: 0000 0000 00000000

[  120616.662806] /dev/input/event0: 0003 0039 ffffffff

[  120616.662837] /dev/input/event0: 0000 0000 00000000

[  120617.350947] /dev/input/event0: 0003 0039 000006f7

[  120617.350947] /dev/input/event0: 0003 0030 0000000c

[  120617.350947] /dev/input/event0: 0003 003a 00000028

[  120617.350978] /dev/input/event0: 0003 0035 000002ab

[  120617.350978] /dev/input/event0: 0003 0036 00000395

[  120617.350978] /dev/input/event0: 0000 0000 00000000

[  120617.427272] /dev/input/event0: 0003 003a 00000060

[  120617.427302] /dev/input/event0: 0003 0036 0000039f

[  120617.427302] /dev/input/event0: 0000 0000 00000000

[  120617.433589] /dev/input/event0: 0003 003a 0000005f

[  120617.433619] /dev/input/event0: 0003 0035 000002ac

[  120617.433619] /dev/input/event0: 0003 0036 000003a3

[  120617.433619] /dev/input/event0: 0000 0000 00000000

[  120617.442653] /dev/input/event0: 0003 003a 0000005e

[  120617.442683] /dev/input/event0: 0003 0035 000002ad

[  120617.442683] /dev/input/event0: 0003 0036 000003aa

[  120617.442683] /dev/input/event0: 0000 0000 00000000

[  120617.446376] /dev/input/event0: 0003 003a 0000005a

[  120617.446437] /dev/input/event0: 0003 0035 000002ae

[  120617.446437] /dev/input/event0: 0003 0036 000003b5

[  120617.446467] /dev/input/event0: 0000 0000 00000000

[  120617.452571] /dev/input/event0: 0003 003a 00000055

[  120617.452601] /dev/input/event0: 0003 0035 000002b1

[  120617.452601] /dev/input/event0: 0003 0036 000003c5

[  120617.452601] /dev/input/event0: 0000 0000 00000000

[  120617.459071] /dev/input/event0: 0003 003a 00000051

[  120617.459071] /dev/input/event0: 0003 0035 000002b5

[  120617.459071] /dev/input/event0: 0003 0036 000003de

[  120617.459071] /dev/input/event0: 0000 0000 00000000

[  120617.465266] /dev/input/event0: 0003 003a 0000004c

[  120617.465297] /dev/input/event0: 0003 0035 000002b8

[  120617.465297] /dev/input/event0: 0003 0036 000003f6

[  120617.465297] /dev/input/event0: 0000 0000 00000000

[  120617.471370] /dev/input/event0: 0003 003a 00000047

[  120617.471400] /dev/input/event0: 0003 0035 000002bb

[  120617.471400] /dev/input/event0: 0003 0036 0000040d

[  120617.471431] /dev/input/event0: 0000 0000 00000000

[  120617.486720] /dev/input/event0: 0003 003a 00000043

[  120617.486751] /dev/input/event0: 0003 0035 000002be

[  120617.486781] /dev/input/event0: 0003 0036 00000424

[  120617.486812] /dev/input/event0: 0000 0000 00000000

[  120617.494380] /dev/input/event0: 0003 003a 0000003e

[  120617.494380] /dev/input/event0: 0003 0035 000002c0

[  120617.494410] /dev/input/event0: 0003 0036 0000043a

[  120617.494410] /dev/input/event0: 0000 0000 00000000

[  120617.498652] /dev/input/event0: 0003 0030 0000000b

[  120617.498683] /dev/input/event0: 0003 003a 00000031

[  120617.498713] /dev/input/event0: 0003 0035 000002c1

[  120617.498713] /dev/input/event0: 0003 0036 0000044e

[  120617.498713] /dev/input/event0: 0000 0000 00000000

[  120617.504451] /dev/input/event0: 0003 0030 0000000a

[  120617.504481] /dev/input/event0: 0003 003a 00000025

[  120617.504481] /dev/input/event0: 0003 0035 000002c3

[  120617.504481] /dev/input/event0: 0003 0036 00000468

[  120617.504481] /dev/input/event0: 0000 0000 00000000

[  120617.515285] /dev/input/event0: 0003 0039 ffffffff

[  120617.515315] /dev/input/event0: 0000 0000 00000000

[  120618.288997] /dev/input/event0: 0003 0039 000006f8

[  120618.288997] /dev/input/event0: 0003 0030 0000000c

[  120618.288997] /dev/input/event0: 0003 003a 0000001d

[  120618.289027] /dev/input/event0: 0003 0035 000002b3

[  120618.289027] /dev/input/event0: 0003 0036 000004d8

[  120618.289027] /dev/input/event0: 0000 0000 00000000

[  120618.336177] /dev/input/event0: 0003 003a 0000003e

[  120618.336177] /dev/input/event0: 0003 0035 000002b0

[  120618.336177] /dev/input/event0: 0003 0036 000004e4

[  120618.336207] /dev/input/event0: 0000 0000 00000000

[  120618.342463] /dev/input/event0: 0003 003a 0000003f

[  120618.342494] /dev/input/event0: 0003 0036 000004e7

[  120618.342494] /dev/input/event0: 0000 0000 00000000

[  120618.348842] /dev/input/event0: 0003 003a 00000040

[  120618.348872] /dev/input/event0: 0003 0036 000004ec

[  120618.348872] /dev/input/event0: 0000 0000 00000000

[  120618.356868] /dev/input/event0: 0003 003a 0000003e

[  120618.356898] /dev/input/event0: 0003 0035 000002af

[  120618.356898] /dev/input/event0: 0003 0036 000004f4

[  120618.356990] /dev/input/event0: 0000 0000 00000000

[  120618.370753] /dev/input/event0: 0003 003a 0000003c

[  120618.370784] /dev/input/event0: 0003 0035 000002ad

[  120618.370814] /dev/input/event0: 0003 0036 00000502

[  120618.370814] /dev/input/event0: 0000 0000 00000000

[  120618.376735] /dev/input/event0: 0003 003a 0000003b

[  120618.376765] /dev/input/event0: 0003 0035 000002ab

[  120618.376765] /dev/input/event0: 0003 0036 00000512

[  120618.376796] /dev/input/event0: 0000 0000 00000000

[  120618.382869] /dev/input/event0: 0003 003a 00000035

[  120618.382899] /dev/input/event0: 0003 0035 000002a2

[  120618.382930] /dev/input/event0: 0003 0036 00000536

[  120618.382930] /dev/input/event0: 0000 0000 00000000

[  120618.389705] /dev/input/event0: 0003 0030 0000000b

[  120618.389735] /dev/input/event0: 0003 003a 0000002e

[  120618.389766] /dev/input/event0: 0003 0035 00000299

[  120618.389766] /dev/input/event0: 0003 0036 00000558

[  120618.389796] /dev/input/event0: 0000 0000 00000000

[  120618.395350] /dev/input/event0: 0003 0030 0000000a

[  120618.395411] /dev/input/event0: 0003 003a 00000027

[  120618.395411] /dev/input/event0: 0003 0035 00000292

[  120618.395442] /dev/input/event0: 0003 0036 00000575

[  120618.395442] /dev/input/event0: 0000 0000 00000000

[  120618.401088] /dev/input/event0: 0003 0030 00000009

[  120618.401118] /dev/input/event0: 0003 003a 00000020

[  120618.401149] /dev/input/event0: 0003 0035 0000028b

[  120618.401149] /dev/input/event0: 0003 0036 00000596

[  120618.401179] /dev/input/event0: 0000 0000 00000000

[  120618.406856] /dev/input/event0: 0003 0030 00000008

[  120618.406886] /dev/input/event0: 0003 003a 00000019

[  120618.406886] /dev/input/event0: 0003 0035 00000285

[  120618.406886] /dev/input/event0: 0003 0036 000005b1

[  120618.406917] /dev/input/event0: 0000 0000 00000000

[  120618.412623] /dev/input/event0: 0003 0030 00000007

[  120618.412654] /dev/input/event0: 0003 003a 00000013

[  120618.412654] /dev/input/event0: 0003 0035 00000281

[  120618.412684] /dev/input/event0: 0003 0036 000005c2

[  120618.412684] /dev/input/event0: 0000 0000 00000000

[  120618.423579] /dev/input/event0: 0003 0039 ffffffff

[  120618.423610] /dev/input/event0: 0000 0000 00000000

[  120619.265285] /dev/input/event0: 0003 0039 000006f9

[  120619.265315] /dev/input/event0: 0003 0030 0000000d

[  120619.265315] /dev/input/event0: 0003 003a 00000033

[  120619.265315] /dev/input/event0: 0003 0035 000002a6

[  120619.265346] /dev/input/event0: 0003 0036 00000501

[  120619.265346] /dev/input/event0: 0000 0000 00000000

[  120619.301967] /dev/input/event0: 0003 003a 00000055

[  120619.301997] /dev/input/event0: 0003 0035 000002a4

[  120619.301997] /dev/input/event0: 0003 0036 0000050e

[  120619.301997] /dev/input/event0: 0000 0000 00000000

[  120619.308223] /dev/input/event0: 0003 003a 00000054

[  120619.308253] /dev/input/event0: 0003 0036 00000514

[  120619.308253] /dev/input/event0: 0000 0000 00000000

[  120619.314540] /dev/input/event0: 0003 003a 00000053

[  120619.314570] /dev/input/event0: 0003 0036 0000051f

[  120619.314570] /dev/input/event0: 0000 0000 00000000

[  120619.322688] /dev/input/event0: 0003 003a 0000004f

[  120619.322688] /dev/input/event0: 0003 0036 00000530

[  120619.322719] /dev/input/event0: 0000 0000 00000000

[  120619.327174] /dev/input/event0: 0003 003a 0000004b

[  120619.327174] /dev/input/event0: 0003 0035 000002a5

[  120619.327174] /dev/input/event0: 0003 0036 0000054b

[  120619.327205] /dev/input/event0: 0000 0000 00000000

[  120619.333430] /dev/input/event0: 0003 0030 0000000c

[  120619.333613] /dev/input/event0: 0003 003a 00000046

[  120619.333644] /dev/input/event0: 0003 0035 000002a6

[  120619.333644] /dev/input/event0: 0003 0036 00000568

[  120619.333644] /dev/input/event0: 0000 0000 00000000

[  120619.340114] /dev/input/event0: 0003 003a 00000041

[  120619.340114] /dev/input/event0: 0003 0035 000002a7

[  120619.340114] /dev/input/event0: 0003 0036 00000583

[  120619.340144] /dev/input/event0: 0000 0000 00000000

[  120619.356196] /dev/input/event0: 0003 003a 0000003b

[  120619.356227] /dev/input/event0: 0003 0035 000002a6

[  120619.356227] /dev/input/event0: 0003 0036 000005a0

[  120619.356227] /dev/input/event0: 0000 0000 00000000

[  120619.361293] /dev/input/event0: 0003 003a 00000033

[  120619.361323] /dev/input/event0: 0003 0035 000002a4

[  120619.361323] /dev/input/event0: 0003 0036 000005bc

[  120619.361323] /dev/input/event0: 0000 0000 00000000

[  120619.372218] /dev/input/event0: 0003 0039 ffffffff

[  120619.372249] /dev/input/event0: 0000 0000 00000000

[  120620.244533] /dev/input/event0: 0003 0039 000006fa

[  120620.244563] /dev/input/event0: 0003 0030 0000000a

[  120620.244563] /dev/input/event0: 0003 003a 0000001b

[  120620.244594] /dev/input/event0: 0003 0035 000002bc

[  120620.244594] /dev/input/event0: 0003 0036 00000638

[  120620.244594] /dev/input/event0: 0000 0000 00000000

[  120620.280848] /dev/input/event0: 0003 0030 0000000b

[  120620.280879] /dev/input/event0: 0003 003a 0000004c

[  120620.280879] /dev/input/event0: 0003 0035 000002b6

[  120620.280879] /dev/input/event0: 0003 0036 00000645

[  120620.280879] /dev/input/event0: 0000 0000 00000000

[  120620.287379] /dev/input/event0: 0003 0035 000002b5

[  120620.287379] /dev/input/event0: 0003 0036 0000064b

[  120620.287410] /dev/input/event0: 0000 0000 00000000

[  120620.293574] /dev/input/event0: 0003 003a 0000004b

[  120620.293605] /dev/input/event0: 0003 0035 000002b4

[  120620.293605] /dev/input/event0: 0003 0036 00000656

[  120620.293605] /dev/input/event0: 0000 0000 00000000

[  120620.299769] /dev/input/event0: 0003 003a 00000046

[  120620.299800] /dev/input/event0: 0003 0035 000002b3

[  120620.299800] /dev/input/event0: 0003 0036 00000671

[  120620.299800] /dev/input/event0: 0000 0000 00000000

[  120620.306056] /dev/input/event0: 0003 003a 00000040

[  120620.306087] /dev/input/event0: 0003 0036 0000068b

[  120620.306087] /dev/input/event0: 0000 0000 00000000

[  120620.312343] /dev/input/event0: 0003 003a 00000039

[  120620.312373] /dev/input/event0: 0003 0035 000002b2

[  120620.312373] /dev/input/event0: 0003 0036 000006a6

[  120620.312373] /dev/input/event0: 0000 0000 00000000

[  120620.319148] /dev/input/event0: 0003 003a 00000033

[  120620.319179] /dev/input/event0: 0003 0036 000006c0

[  120620.319179] /dev/input/event0: 0000 0000 00000000

[  120620.333949] /dev/input/event0: 0003 003a 0000002c

[  120620.333980] /dev/input/event0: 0003 0035 000002b1

[  120620.333980] /dev/input/event0: 0003 0036 000006d9

[  120620.333980] /dev/input/event0: 0000 0000 00000000

[  120620.342250] /dev/input/event0: 0003 0030 0000000a

[  120620.342280] /dev/input/event0: 0003 003a 00000023

[  120620.342280] /dev/input/event0: 0003 0036 000006f4

[  120620.342280] /dev/input/event0: 0000 0000 00000000

[  120620.345607] /dev/input/event0: 0003 0030 00000009

[  120620.345607] /dev/input/event0: 0003 003a 0000001a

[  120620.345637] /dev/input/event0: 0003 0035 000002b2

[  120620.345637] /dev/input/event0: 0003 0036 0000070c

[  120620.345637] /dev/input/event0: 0000 0000 00000000

[  120620.358638] /dev/input/event0: 0003 0039 ffffffff

[  120620.358668] /dev/input/event0: 0000 0000 00000000

[  120620.551692] /dev/input/event0: 0003 0039 000006fb

[  120620.551753] /dev/input/event0: 0003 0030 0000000b

[  120620.551784] /dev/input/event0: 0003 003a 00000028

[  120620.551814] /dev/input/event0: 0003 0035 0000028e

[  120620.551814] /dev/input/event0: 0003 0036 00000687

[  120620.551845] /dev/input/event0: 0000 0000 00000000

[  120620.570308] /dev/input/event0: 0003 003a 00000037

[  120620.570369] /dev/input/event0: 0003 0036 00000692

[  120620.570399] /dev/input/event0: 0000 0000 00000000

[  120620.576228] /dev/input/event0: 0003 0036 0000069e

[  120620.576289] /dev/input/event0: 0000 0000 00000000

[  120620.582484] /dev/input/event0: 0003 003a 00000034

[  120620.582515] /dev/input/event0: 0003 0036 000006b9

[  120620.582545] /dev/input/event0: 0000 0000 00000000

[  120620.588710] /dev/input/event0: 0003 003a 00000032

[  120620.588771] /dev/input/event0: 0003 0036 000006d4

[  120620.588801] /dev/input/event0: 0000 0000 00000000

[  120620.594996] /dev/input/event0: 0003 003a 0000002d

[  120620.595057] /dev/input/event0: 0003 0035 0000028d

[  120620.595057] /dev/input/event0: 0003 0036 000006f1

[  120620.595088] /dev/input/event0: 0000 0000 00000000

[  120620.601222] /dev/input/event0: 0003 003a 0000002a

[  120620.601253] /dev/input/event0: 0003 0035 0000028c

[  120620.601253] /dev/input/event0: 0003 0036 0000070e

[  120620.601283] /dev/input/event0: 0000 0000 00000000

[  120620.607448] /dev/input/event0: 0003 0030 0000000a

[  120620.607478] /dev/input/event0: 0003 003a 00000024

[  120620.607509] /dev/input/event0: 0003 0035 0000028a

[  120620.607509] /dev/input/event0: 0003 0036 0000072b

[  120620.607509] /dev/input/event0: 0000 0000 00000000

[  120620.613215] /dev/input/event0: 0003 0030 00000009

[  120620.613276] /dev/input/event0: 0003 003a 0000001b

[  120620.613307] /dev/input/event0: 0003 0035 00000289

[  120620.613337] /dev/input/event0: 0003 0036 00000745

[  120620.613368] /dev/input/event0: 0000 0000 00000000

[  120620.623866] /dev/input/event0: 0003 0039 ffffffff

[  120620.623927] /dev/input/event0: 0000 0000 00000000

