#
# A fatal error has been detected by the Java Runtime Environment:
#
#  EXCEPTION_ACCESS_VIOLATION (0xc0000005) at pc=0x000000006e5a60c9, pid=2828, tid=0x0000000000001e54
#
# JRE version: Java(TM) SE Runtime Environment (8.0_181-b13) (build 1.8.0_181-b13)
# Java VM: Java HotSpot(TM) 64-Bit Server VM (25.181-b13 mixed mode windows-amd64 compressed oops)
# Problematic frame:
# V  [jvm.dll+0x1460c9]
#
# Failed to write core dump. Minidumps are not enabled by default on client versions of Windows
#
# If you would like to submit a bug report, please visit:
#   http://bugreport.java.com/bugreport/crash.jsp
#

---------------  T H R E A D  ---------------

Current thread (0x00000000024fd000):  JavaThread "main" [_thread_in_vm, id=7764, stack(0x00000000023f0000,0x00000000024f0000)]

siginfo: ExceptionCode=0xc0000005, reading address 0x0000000000000000

Registers:
RAX=0x0000000000000000, RBX=0x00000000024fd000, RCX=0x0000000000000d00, RDX=0x0000000000000000
RSP=0x00000000024ef0b0, RBP=0x000000001e0fec90, RSI=0x0000000000000000, RDI=0x0000000000000000
R8 =0x000000006ec06eb0, R9 =0x0000000000000047, R10=0x000000001d07fb17, R11=0x000000078134398e
R12=0x0000000000000000, R13=0x0000000000000000, R14=0x00000000024ef240, R15=0x0000000000753540
RIP=0x000000006e5a60c9, EFLAGS=0x0000000000010202

Top of Stack: (sp=0x00000000024ef0b0)
0x00000000024ef0b0:   0000000000000000 0000000000000000
0x00000000024ef0c0:   0000000000000000 0000000000000000
0x00000000024ef0d0:   00000000024fd1f8 00007ff8efea4967
0x00000000024ef0e0:   00000000194e6238 00000000024fd1f8
0x00000000024ef0f0:   0000000000000000 00000000194e6238
0x00000000024ef100:   00000000024ef5c8 00000000024fd810
0x00000000024ef110:   00000000000003d8 00000000024fd820
0x00000000024ef120:   000000001d07fad0 00000000024fd000
0x00000000024ef130:   00000000194e6238 000000001e0fec90
0x00000000024ef140:   00000000024fd000 00000000024ef240
0x00000000024ef150:   0000000000000000 00000000ffffffff
0x00000000024ef160:   0000000000200031 00000000024ef208
0x00000000024ef170:   00000000194e6238 0000000002608c67
0x00000000024ef180:   00000000194e6220 00000000024ef218
0x00000000024ef190:   00000000024ef240 00000000026089ab
0x00000000024ef1a0:   0000000000000000 0000000000000000 

Instructions: (pc=0x000000006e5a60c9)
0x000000006e5a60a9:   a9 00 00 00 30 74 08 48 8b cb e8 e8 d6 0f 00 c7
0x000000006e5a60b9:   83 70 02 00 00 06 00 00 00 80 3d a8 d8 6c 00 00
0x000000006e5a60c9:   48 8b 0f b8 10 00 00 00 ba 0c 00 00 00 0f 45 c2
0x000000006e5a60d9:   48 98 8b 3c 08 c7 83 70 02 00 00 07 00 00 00 83 


Register to memory mapping:

RAX=0x0000000000000000 is an unknown value
RBX=0x00000000024fd000 is a thread
RCX=0x0000000000000d00 is an unknown value
RDX=0x0000000000000000 is an unknown value
RSP=0x00000000024ef0b0 is pointing into the stack for thread: 0x00000000024fd000
RBP=0x000000001e0fec90 is an unknown value
RSI=0x0000000000000000 is an unknown value
RDI=0x0000000000000000 is an unknown value
R8 =0x000000006ec06eb0 is an unknown value
R9 =0x0000000000000047 is an unknown value
R10=0x000000001d07fb17 is an unknown value
R11=0x000000078134398e is an unknown value
R12=0x0000000000000000 is an unknown value
R13=0x0000000000000000 is an unknown value
R14=0x00000000024ef240 is pointing into the stack for thread: 0x00000000024fd000
R15=0x0000000000753540 is an unknown value


Stack: [0x00000000023f0000,0x00000000024f0000],  sp=0x00000000024ef0b0,  free space=1020k
Native frames: (J=compiled Java code, j=interpreted, Vv=VM code, C=native code)
V  [jvm.dll+0x1460c9]
C  [tensorflow_jni.dll+0x1e4967]
C  0x0000000002608c67

Java frames: (J=compiled Java code, j=interpreted, Vv=VM code)
j  org.tensorflow.SavedModelBundle.load(Ljava/lang/String;[Ljava/lang/String;[B[B)Lorg/tensorflow/SavedModelBundle;+0
j  org.tensorflow.SavedModelBundle.access$000(Ljava/lang/String;[Ljava/lang/String;[B[B)Lorg/tensorflow/SavedModelBundle;+4
j  org.tensorflow.SavedModelBundle$Loader.load()Lorg/tensorflow/SavedModelBundle;+16
j  edu.wm.semeru.redraw.helpers.TensorHelper.readSavedModel(Ljava/lang/String;)Lorg/tensorflow/SavedModelBundle;+6
j  edu.wm.semeru.redraw.helpers.TensorHelper.main([Ljava/lang/String;)V+2
v  ~StubRoutines::call_stub

---------------  P R O C E S S  ---------------

Java Threads: ( => current thread )
  0x000000001ba8e000 JavaThread "Service Thread" daemon [_thread_blocked, id=17772, stack(0x000000001c5a0000,0x000000001c6a0000)]
  0x000000001b9f8000 JavaThread "C1 CompilerThread3" daemon [_thread_blocked, id=15412, stack(0x000000001c4a0000,0x000000001c5a0000)]
  0x000000001b9f6000 JavaThread "C2 CompilerThread2" daemon [_thread_blocked, id=7572, stack(0x000000001c3a0000,0x000000001c4a0000)]
  0x000000001b9f0000 JavaThread "C2 CompilerThread1" daemon [_thread_blocked, id=19816, stack(0x000000001c2a0000,0x000000001c3a0000)]
  0x000000001b9eb000 JavaThread "C2 CompilerThread0" daemon [_thread_in_native, id=1920, stack(0x000000001c1a0000,0x000000001c2a0000)]
  0x000000001b9e8000 JavaThread "Attach Listener" daemon [_thread_blocked, id=8888, stack(0x000000001c0a0000,0x000000001c1a0000)]
  0x000000001b9e7000 JavaThread "Signal Dispatcher" daemon [_thread_blocked, id=11840, stack(0x000000001bfa0000,0x000000001c0a0000)]
  0x000000001b9d0800 JavaThread "Finalizer" daemon [_thread_blocked, id=12508, stack(0x000000001bdb0000,0x000000001beb0000)]
  0x0000000019ad2800 JavaThread "Reference Handler" daemon [_thread_blocked, id=19512, stack(0x000000001b8b0000,0x000000001b9b0000)]
=>0x00000000024fd000 JavaThread "main" [_thread_in_vm, id=7764, stack(0x00000000023f0000,0x00000000024f0000)]

Other Threads:
  0x0000000019acd000 VMThread [stack: 0x000000001b7b0000,0x000000001b8b0000] [id=17064]
  0x000000001baed000 WatcherThread [stack: 0x000000001c6a0000,0x000000001c7a0000] [id=12684]

VM state:not at safepoint (normal execution)

VM Mutex/Monitor currently owned by a thread: None

Heap:
 PSYoungGen      total 57344K, used 11653K [0x0000000780900000, 0x0000000784900000, 0x00000007c0000000)
  eden space 49152K, 23% used [0x0000000780900000,0x0000000781461798,0x0000000783900000)
  from space 8192K, 0% used [0x0000000784100000,0x0000000784100000,0x0000000784900000)
  to   space 8192K, 0% used [0x0000000783900000,0x0000000783900000,0x0000000784100000)
 ParOldGen       total 131072K, used 0K [0x0000000701a00000, 0x0000000709a00000, 0x0000000780900000)
  object space 131072K, 0% used [0x0000000701a00000,0x0000000701a00000,0x0000000709a00000)
 Metaspace       used 3121K, capacity 4552K, committed 4864K, reserved 1056768K
  class space    used 333K, capacity 388K, committed 512K, reserved 1048576K

Card table byte_map: [0x00000000119b0000,0x0000000011fb0000] byte_map_base: 0x000000000e1a3000

Marking Bits: (ParMarkBitMap*) 0x000000006ec82d00
 Begin Bits: [0x0000000012bb0000, 0x0000000015b48000)
 End Bits:   [0x0000000015b48000, 0x0000000018ae0000)

Polling page: 0x0000000000700000

CodeCache: size=245760Kb used=1849Kb max_used=1849Kb free=243910Kb
 bounds [0x00000000025f0000, 0x0000000002860000, 0x00000000115f0000]
 total_blobs=507 nmethods=271 adapters=149
 compilation: enabled

Compilation events (10 events):
Event: 0.446 Thread 0x000000001b9f6000 nmethod 264 0x00000000027a6f50 code [0x00000000027a7080, 0x00000000027a7238]
Event: 0.446 Thread 0x000000001b9f8000 nmethod 268 0x00000000027a6890 code [0x00000000027a6a20, 0x00000000027a6dd8]
Event: 0.446 Thread 0x000000001b9f8000  271       3       java.net.URLStreamHandler::parseURL (1193 bytes)
Event: 0.452 Thread 0x000000001b9f8000 nmethod 271 0x00000000027b1910 code [0x00000000027b2440, 0x00000000027bc048]
Event: 0.452 Thread 0x000000001b9f8000  272       3       java.util.Arrays::copyOf (19 bytes)
Event: 0.453 Thread 0x000000001b9f8000 nmethod 272 0x00000000027a62d0 code [0x00000000027a6440, 0x00000000027a6768]
Event: 0.453 Thread 0x000000001b9f8000  269   !   3       java.net.URL::set (114 bytes)
Event: 0.453 Thread 0x000000001b9f8000 nmethod 269 0x00000000027a8d90 code [0x00000000027a8f80, 0x00000000027a9ad8]
Event: 0.453 Thread 0x000000001b9f8000  270       3       sun.net.www.protocol.file.Handler::parseURL (18 bytes)
Event: 0.453 Thread 0x000000001b9f8000 nmethod 270 0x00000000027a5dd0 code [0x00000000027a5f40, 0x00000000027a61b8]

GC Heap History (0 events):
No events

Deoptimization events (1 events):
Event: 0.220 Thread 0x00000000024fd000 Uncommon trap: reason=unstable_if action=reinterpret pc=0x00000000026ff674 method=java.lang.String.hashCode()I @ 14

Classes redefined (0 events):
No events

Internal exceptions (10 events):
Event: 0.415 Thread 0x00000000024fd000 Exception <a 'java/security/PrivilegedActionException'> (0x0000000781286fd0) thrown at [C:\re\workspace\8-2-build-windows-amd64-cygwin\jdk8u181\11358\hotspot\src\share\vm\prims\jvm.cpp, line 1435]
Event: 0.415 Thread 0x00000000024fd000 Exception <a 'java/security/PrivilegedActionException'> (0x0000000781288640) thrown at [C:\re\workspace\8-2-build-windows-amd64-cygwin\jdk8u181\11358\hotspot\src\share\vm\prims\jvm.cpp, line 1435]
Event: 0.415 Thread 0x00000000024fd000 Exception <a 'java/security/PrivilegedActionException'> (0x0000000781288850) thrown at [C:\re\workspace\8-2-build-windows-amd64-cygwin\jdk8u181\11358\hotspot\src\share\vm\prims\jvm.cpp, line 1435]
Event: 0.415 Thread 0x00000000024fd000 Exception <a 'java/security/PrivilegedActionException'> (0x0000000781289eb8) thrown at [C:\re\workspace\8-2-build-windows-amd64-cygwin\jdk8u181\11358\hotspot\src\share\vm\prims\jvm.cpp, line 1435]
Event: 0.415 Thread 0x00000000024fd000 Exception <a 'java/security/PrivilegedActionException'> (0x000000078128a0c8) thrown at [C:\re\workspace\8-2-build-windows-amd64-cygwin\jdk8u181\11358\hotspot\src\share\vm\prims\jvm.cpp, line 1435]
Event: 0.415 Thread 0x00000000024fd000 Exception <a 'java/security/PrivilegedActionException'> (0x000000078128b4a0) thrown at [C:\re\workspace\8-2-build-windows-amd64-cygwin\jdk8u181\11358\hotspot\src\share\vm\prims\jvm.cpp, line 1435]
Event: 0.415 Thread 0x00000000024fd000 Exception <a 'java/security/PrivilegedActionException'> (0x000000078128b6b0) thrown at [C:\re\workspace\8-2-build-windows-amd64-cygwin\jdk8u181\11358\hotspot\src\share\vm\prims\jvm.cpp, line 1435]
Event: 0.415 Thread 0x00000000024fd000 Exception <a 'java/security/PrivilegedActionException'> (0x000000078128cb58) thrown at [C:\re\workspace\8-2-build-windows-amd64-cygwin\jdk8u181\11358\hotspot\src\share\vm\prims\jvm.cpp, line 1435]
Event: 0.415 Thread 0x00000000024fd000 Exception <a 'java/security/PrivilegedActionException'> (0x000000078128cd68) thrown at [C:\re\workspace\8-2-build-windows-amd64-cygwin\jdk8u181\11358\hotspot\src\share\vm\prims\jvm.cpp, line 1435]
Event: 0.447 Thread 0x00000000024fd000 Exception <a 'java/lang/UnsatisfiedLinkError': org.tensorflow.TensorFlow.version()Ljava/lang/String;> (0x0000000781375f70) thrown at [C:\re\workspace\8-2-build-windows-amd64-cygwin\jdk8u181\11358\hotspot\src\share\vm\prims\nativeLookup.cpp, line 378]

Events (10 events):
Event: 0.445 loading class java/util/concurrent/ConcurrentHashMap$ForwardingNode
Event: 0.445 loading class java/util/concurrent/ConcurrentHashMap$ForwardingNode done
Event: 0.446 loading class org/tensorflow/NativeLibrary
Event: 0.446 loading class org/tensorflow/NativeLibrary done
Event: 0.447 loading class java/lang/IllegalStateException
Event: 0.447 loading class java/lang/IllegalStateException done
Event: 0.447 loading class java/lang/ClassLoaderHelper
Event: 0.447 loading class java/lang/ClassLoaderHelper done
Event: 0.486 loading class org/tensorflow/SavedModelBundle$Loader
Event: 0.486 loading class org/tensorflow/SavedModelBundle$Loader done


Dynamic libraries:
0x00007ff74be90000 - 0x00007ff74bec7000 	C:\Program Files\Java\jre1.8.0_181\bin\javaw.exe
0x00007ff976e70000 - 0x00007ff977051000 	C:\WINDOWS\SYSTEM32\ntdll.dll
0x00007ff944780000 - 0x00007ff944792000 	C:\Program Files\AVAST Software\Avast\aswhook.dll
0x00007ff975eb0000 - 0x00007ff975f62000 	C:\WINDOWS\System32\KERNEL32.DLL
0x00007ff973620000 - 0x00007ff973893000 	C:\WINDOWS\System32\KERNELBASE.dll
0x00007ff976ba0000 - 0x00007ff976c41000 	C:\WINDOWS\System32\ADVAPI32.dll
0x00007ff975d50000 - 0x00007ff975dee000 	C:\WINDOWS\System32\msvcrt.dll
0x00007ff975fd0000 - 0x00007ff97602b000 	C:\WINDOWS\System32\sechost.dll
0x00007ff976550000 - 0x00007ff976674000 	C:\WINDOWS\System32\RPCRT4.dll
0x00007ff976770000 - 0x00007ff976900000 	C:\WINDOWS\System32\USER32.dll
0x00007ff9734e0000 - 0x00007ff973500000 	C:\WINDOWS\System32\win32u.dll
0x00007ff9757e0000 - 0x00007ff975808000 	C:\WINDOWS\System32\GDI32.dll
0x00007ff973a50000 - 0x00007ff973be2000 	C:\WINDOWS\System32\gdi32full.dll
0x00007ff973580000 - 0x00007ff97361f000 	C:\WINDOWS\System32\msvcp_win.dll
0x00007ff9738a0000 - 0x00007ff97399a000 	C:\WINDOWS\System32\ucrtbase.dll
0x00007ff9632b0000 - 0x00007ff963519000 	C:\WINDOWS\WinSxS\amd64_microsoft.windows.common-controls_6595b64144ccf1df_6.0.17134.590_none_fb3d9bff3069e088\COMCTL32.dll
0x00007ff976030000 - 0x00007ff976352000 	C:\WINDOWS\System32\combase.dll
0x00007ff973500000 - 0x00007ff97357a000 	C:\WINDOWS\System32\bcryptPrimitives.dll
0x00007ff976c70000 - 0x00007ff976c9d000 	C:\WINDOWS\System32\IMM32.DLL
0x000000006e1a0000 - 0x000000006e272000 	C:\Program Files\Java\jre1.8.0_181\bin\msvcr100.dll
0x000000006e460000 - 0x000000006ed02000 	C:\Program Files\Java\jre1.8.0_181\bin\server\jvm.dll
0x00007ff976a30000 - 0x00007ff976a38000 	C:\WINDOWS\System32\PSAPI.DLL
0x00007ff9616c0000 - 0x00007ff9616c9000 	C:\WINDOWS\SYSTEM32\WSOCK32.dll
0x00007ff976700000 - 0x00007ff97676c000 	C:\WINDOWS\System32\WS2_32.dll
0x00007ff96dbb0000 - 0x00007ff96dbd3000 	C:\WINDOWS\SYSTEM32\WINMM.dll
0x00007ff96c3f0000 - 0x00007ff96c3fa000 	C:\WINDOWS\SYSTEM32\VERSION.dll
0x00007ff96db30000 - 0x00007ff96db5a000 	C:\WINDOWS\SYSTEM32\WINMMBASE.dll
0x00007ff973430000 - 0x00007ff973479000 	C:\WINDOWS\System32\cfgmgr32.dll
0x000000006e370000 - 0x000000006e37f000 	C:\Program Files\Java\jre1.8.0_181\bin\verify.dll
0x000000006e340000 - 0x000000006e369000 	C:\Program Files\Java\jre1.8.0_181\bin\java.dll
0x000000006e320000 - 0x000000006e336000 	C:\Program Files\Java\jre1.8.0_181\bin\zip.dll
0x00007ff974300000 - 0x00007ff975740000 	C:\WINDOWS\System32\SHELL32.dll
0x00007ff975df0000 - 0x00007ff975e99000 	C:\WINDOWS\System32\shcore.dll
0x00007ff973bf0000 - 0x00007ff9742fd000 	C:\WINDOWS\System32\windows.storage.dll
0x00007ff976360000 - 0x00007ff9763b1000 	C:\WINDOWS\System32\shlwapi.dll
0x00007ff973180000 - 0x00007ff973191000 	C:\WINDOWS\System32\kernel.appcore.dll
0x00007ff973200000 - 0x00007ff97321f000 	C:\WINDOWS\System32\profapi.dll
0x00007ff9731b0000 - 0x00007ff9731fc000 	C:\WINDOWS\System32\powrprof.dll
0x00007ff9731a0000 - 0x00007ff9731aa000 	C:\WINDOWS\System32\FLTLIB.DLL
0x00007ff8efcc0000 - 0x00007ff8f36f8000 	C:\Users\Andrew\Documents\Git\school\ReDraw\ReDraw\lib\tensorflow_jni.dll
0x00007ff964b00000 - 0x00007ff964b9c000 	C:\Program Files\Java\jre1.8.0_181\bin\MSVCP140.dll
0x00007ff9675c0000 - 0x00007ff9675d6000 	C:\Program Files\Java\jre1.8.0_181\bin\VCRUNTIME140.dll
0x00007ff9719e0000 - 0x00007ff971ba9000 	C:\WINDOWS\SYSTEM32\dbghelp.dll

VM Arguments:
jvm_args: -Djava.library.path=C:\Users\Andrew\Documents\Git\school\ReDraw\ReDraw\lib;C:\scratch\mjcurcio.scratch\matlab\bin\glnxa64;C:\Users\KevinMoran\opencv\build\lib -Dfile.encoding=Cp1252 
java_command: edu.wm.semeru.redraw.helpers.TensorHelper
java_class_path (initial): C:\Users\Andrew\Documents\Git\school\ReDraw\ReDraw\bin;C:\Users\Andrew\Documents\Git\school\ReDraw\ReDraw\lib\bcpkix-jdk15on-1.57.jar;C:\Users\Andrew\Documents\Git\school\ReDraw\ReDraw\lib\bcprov-jdk15on-157.jar;C:\Users\Andrew\Documents\Git\school\ReDraw\ReDraw\lib\commons-io-2.5.jar;C:\Users\Andrew\Documents\Git\school\ReDraw\ReDraw\lib\core-0.26-sources.jar;C:\Users\Andrew\Documents\Git\school\ReDraw\ReDraw\lib\core-0.26.jar;C:\Users\Andrew\Documents\Git\school\ReDraw\ReDraw\lib\engine.jar;C:\Users\Andrew\Documents\Git\school\ReDraw\ReDraw\lib\guava-19.0.jar;C:\Users\Andrew\Documents\Git\school\ReDraw\ReDraw\lib\jamtio.jar;C:\Users\Andrew\Documents\Git\school\ReDraw\ReDraw\lib\photohawk.jar;C:\Users\Andrew\Documents\Git\school\ReDraw\ReDraw\lib\log4j-api-2.7.jar;C:\Users\Andrew\Documents\Git\school\ReDraw\ReDraw\lib\log4j-core-2.7.jar;C:\Users\Andrew\Documents\Git\school\ReDraw\Android-Core\target\classes;C:\Users\Andrew\.m2\repository\com\github\vidstige\jadb\v1.1.0\jadb-v1.1.0.jar;C:\Users\Andrew\.m2\repository\org\mockito\mockito-core\2.7.17\mockito-core-2.7.17.jar;C:\Users\Andrew\.m2\repository\net\bytebuddy\byte-buddy\1.6.11\byte-buddy-1.6.11.jar;C:\Users\Andrew\.m2\repository\net\bytebuddy\byte-buddy-agent\1.6.11\byte-buddy-agent-1.6.11.jar;C:\Users\Andrew\.m2\repository\org\objenesis\objenesis\2.5\objenesis-2.5.jar;C:\Users\Andrew\.m2\repository\mysql\mysql-connector-java\5.1.31\mysql-connector-java-5.1.31.jar;C:\Users\Andrew\.m2\repository\com\google\guava\guava\19.0\guava-19.0.jar;C:\Users\Andrew\.m2\repository\org\eclipse\persistence\javax.persistence\2.0.0\javax.persistence-2.0.0.jar;C:\Users\Andrew\Documents\Git\school\ReDraw\SEMERU-Core\target\classes;C:\Users\Andrew\.m2\repository\org\apache\commons\commons-exec\1.3\commons-exec-1.3.jar;C:\Users\Andrew\.m2\repository\org\jdom\jdom2\2.0.5\jdom2-2.0.5.jar;C:\Users\Andrew\.m2\repository\edu\stanford\nlp\stanford-corenlp\3.8.0\stanford-corenlp-3.8.0.jar;C:\Users\Andrew\.m2\r
Launcher Type: SUN_STANDARD

Environment Variables:
USERNAME=Andrew
OS=Windows_NT
PROCESSOR_IDENTIFIER=Intel64 Family 6 Model 94 Stepping 3, GenuineIntel



---------------  S Y S T E M  ---------------

OS: Windows 10.0 , 64 bit Build 17134 (10.0.17134.556)

CPU:total 8 (initial active 8) (4 cores per cpu, 2 threads per core) family 6 model 94 stepping 3, cmov, cx8, fxsr, mmx, sse, sse2, sse3, ssse3, sse4.1, sse4.2, popcnt, avx, avx2, aes, clmul, erms, rtm, 3dnowpref, lzcnt, ht, tsc, tscinvbit, bmi1, bmi2, adx

Memory: 4k page, physical 12470048k(4623528k free), swap 14370592k(2084976k free)

vm_info: Java HotSpot(TM) 64-Bit Server VM (25.181-b13) for windows-amd64 JRE (1.8.0_181-b13), built on Jul  7 2018 04:01:33 by "java_re" with MS VC++ 10.0 (VS2010)

time: Thu Feb 21 19:49:26 2019
elapsed time: 0 seconds (0d 0h 0m 0s)

